<?xml version="1.0" encoding="UTF-8"?>
<testng-results ignored="0" total="1" passed="1" failed="0" skipped="0">
  <reporter-output>
  </reporter-output>
  <suite started-at="2024-11-28T11:13:54 IST" name="Default suite" finished-at="2024-11-28T11:13:54 IST" duration-ms="36">
    <groups>
    </groups>
    <test started-at="2024-11-28T11:13:54 IST" name="Default test" finished-at="2024-11-28T11:13:54 IST" duration-ms="36">
      <class name="com.crm.AdvanceSeleniumE4.RandomNumber">
        <test-method signature="main()[pri:0, instance:com.crm.AdvanceSeleniumE4.RandomNumber@6221a451]" started-at="2024-11-28T11:13:54 IST" name="main" finished-at="2024-11-28T11:13:54 IST" duration-ms="5" status="PASS">
          <reporter-output>
          </reporter-output>
        </test-method> <!-- main -->
      </class> <!-- com.crm.AdvanceSeleniumE4.RandomNumber -->
    </test> <!-- Default test -->
  </suite> <!-- Default suite -->
</testng-results>
